<?xml version="1.0" encoding="UTF-8"?>
<testsuite xmlns:xsi="http://www.w3.org/2001/XMLSchema-instance" xsi:noNamespaceSchemaLocation="https://maven.apache.org/surefire/maven-surefire-plugin/xsd/surefire-test-report-3.0.xsd" version="3.0" name="wethinkcode.exercises.HttpApiTests" time="1.469" tests="5" errors="0" skipped="0" failures="0">
  <properties>
[...]
</properties>
  <testcase name="duplicateTask" classname="wethinkcode.exercises.HttpApiTests" time="0.787">
    <system-err><![CDATA[[main] INFO io.javalin.Javalin - 
       __                      __ _            __ __
      / /____ _ _   __ ____ _ / /(_)____      / // /
 __  / // __ `/| | / // __ `// // // __ \    / // /_
/ /_/ // /_/ / | |/ // /_/ // // // / / /   /__  __/
\____/ \__,_/  |___/ \__,_//_//_//_/ /_/      /_/

          https://javalin.io/documentation

[main] INFO org.eclipse.jetty.util.log - Logging initialized @1334ms to org.eclipse.jetty.util.log.Slf4jLog
[main] INFO io.javalin.Javalin - Starting Javalin ...
[main] INFO io.javalin.Javalin - You are running Javalin 4.6.4 (released July 8, 2022).
[main] INFO io.javalin.Javalin - Listening on http://localhost:5000/
[main] INFO io.javalin.Javalin - Javalin started in 315ms \o/
]]></system-err>
  </testcase>
  <testcase name="addTask" classname="wethinkcode.exercises.HttpApiTests" time="0.025"/>
  <testcase name="getAllTasks" classname="wethinkcode.exercises.HttpApiTests" time="0.011"/>
  <testcase name="getOneTask" classname="wethinkcode.exercises.HttpApiTests" time="0.008"/>
  <testcase name="taskNotFound" classname="wethinkcode.exercises.HttpApiTests" time="0.007"/>
</testsuite>